h:\opensees\cadsees\cssobjects\x64\release\cssobjects.pch
h:\opensees\cadsees\cssobjects\x64\release\vc142.pdb
h:\opensees\cadsees\cssobjects\x64\release\stdafx.obj
h:\opensees\cadsees\cssobjects\x64\release\matrix.obj
h:\opensees\cadsees\cssobjects\x64\release\beamwithhinges.obj
h:\opensees\cadsees\cssobjects\x64\release\csszerolength.obj
h:\opensees\cadsees\cssobjects\x64\release\csstwonodelink.obj
h:\opensees\cadsees\cssobjects\x64\release\csstruss.obj
h:\opensees\cadsees\cssobjects\x64\release\cssshellelement.obj
h:\opensees\cadsees\cssobjects\x64\release\cssmodelasticbeamcolumn.obj
h:\opensees\cadsees\cssobjects\x64\release\csslineelement.obj
h:\opensees\cadsees\cssobjects\x64\release\cssjoint2delement.obj
h:\opensees\cadsees\cssobjects\x64\release\cssforcebeamcolumn.obj
h:\opensees\cadsees\cssobjects\x64\release\csselement.obj
h:\opensees\cadsees\cssobjects\x64\release\csselasticbeamcolumn.obj
h:\opensees\cadsees\cssobjects\x64\release\cssdispbeamcolumn.obj
h:\opensees\cadsees\cssobjects\x64\release\csscorottruss.obj
h:\opensees\cadsees\cssobjects\x64\release\cssbrickelement.obj
h:\opensees\cadsees\cssobjects\x64\release\cssbeamelement.obj
h:\opensees\cadsees\cssobjects\x64\release\docdata.obj
h:\opensees\cadsees\cssobjects\x64\release\csscube.obj
h:\opensees\cadsees\cssobjects\x64\release\cssobjects.obj
h:\opensees\cadsees\cssobjects\x64\release\cssdocdata.obj
h:\opensees\cadsees\cssobjects\x64\release\acrxentrypoint.obj
h:\opensees\cadsees\cssobjects\x64\release\cssrecorder.obj
h:\opensees\cadsees\cssobjects\x64\release\cssnoderecorder.obj
h:\opensees\cadsees\cssobjects\x64\release\csspile.obj
h:\opensees\cadsees\cssobjects\x64\release\objutils.obj
h:\opensees\cadsees\cssobjects\x64\release\cssnode.obj
h:\opensees\cadsees\cssobjects\x64\release\vector.obj
h:\opensees\cadsees\cssobjects\x64\release\csselastictimoshenkobeam.obj
h:\opensees\cadsees\cssobjects\x64\release\cssobjects.lib
h:\opensees\cadsees\cssobjects\x64\release\cssobjects.exp
h:\opensees\cadsees\cssobjects\x64\release\cssobjects.iobj
h:\opensees\cadsees\cssobjects\x64\release\cssobjects.pdb
h:\opensees\cadsees\cssobjects\x64\release\cssobjects.res
h:\opensees\cadsees\cssobjects\x64\release\cssobjects.tlog\cl.command.1.tlog
h:\opensees\cadsees\cssobjects\x64\release\cssobjects.tlog\cl.read.1.tlog
h:\opensees\cadsees\cssobjects\x64\release\cssobjects.tlog\cl.write.1.tlog
h:\opensees\cadsees\cssobjects\x64\release\cssobjects.tlog\cssobjects.write.1u.tlog
h:\opensees\cadsees\cssobjects\x64\release\cssobjects.tlog\link.command.1.tlog
h:\opensees\cadsees\cssobjects\x64\release\cssobjects.tlog\link.delete.1.tlog
h:\opensees\cadsees\cssobjects\x64\release\cssobjects.tlog\link.read.1.tlog
h:\opensees\cadsees\cssobjects\x64\release\cssobjects.tlog\link.write.1.tlog
h:\opensees\cadsees\cssobjects\x64\release\cssobjects.tlog\rc.command.1.tlog
h:\opensees\cadsees\cssobjects\x64\release\cssobjects.tlog\rc.read.1.tlog
h:\opensees\cadsees\cssobjects\x64\release\cssobjects.tlog\rc.write.1.tlog
